<?xml version="1.0" encoding="UTF-8"?>
<!-- Generated by org.testng.reporters.JUnitReportReporter -->
<testsuite hostname="JIM-TI9325" name="test_script.Scenario_Search_TC" tests="2" failures="0" timestamp="15 Jul 2016 09:51:29 GMT" time="31.764" errors="0">
  <testcase name="validSearch" time="14.348" classname="test_script.Scenario_Search_TC"/>
  <testcase name="validSearch" time="17.416" classname="test_script.Scenario_Search_TC"/>
</testsuite> <!-- test_script.Scenario_Search_TC -->
