<?xml version="1.0" encoding="UTF-8"?>
<!-- Generated by org.testng.reporters.JUnitReportReporter -->
<testsuite hostname="JIM-TI9325" name="test_script.Scenario_Search_TC" tests="2" failures="0" timestamp="20 Jul 2016 03:01:40 GMT" time="33.878" errors="0">
  <testcase name="validSearch" time="15.887" classname="test_script.Scenario_Search_TC"/>
  <testcase name="validSearch" time="17.991" classname="test_script.Scenario_Search_TC"/>
</testsuite> <!-- test_script.Scenario_Search_TC -->
